-rw-r--r-- root     root      1411271 2014-09-17 07:54 8188eu.ko
-rw-r--r-- root     root     14770446 2014-09-17 07:54 8189es.ko
-rw-r--r-- root     root      2254919 2014-09-17 07:54 8723bs.ko
-rw-r--r-- root     root       347063 2014-09-17 07:54 Module.symvers
-rw-r--r-- root     root       131861 2014-09-17 07:54 actuator.ko
-rw-r--r-- root     root       147835 2014-09-17 07:54 ad5820_act.ko
-rw-r--r-- root     root       119646 2014-09-17 07:54 afa750.ko
-rw-r--r-- root     root       162223 2014-09-17 07:54 ar0330.ko
-rw-r--r-- root     root       229107 2014-09-17 07:54 asix.ko
-rw-r--r-- root     root       344307 2014-09-17 07:54 aw5306_ts.ko
-rw-r--r-- root     root       779315 2014-09-17 07:54 bcmdhd.ko
-rw-r--r-- root     root       146265 2014-09-17 07:54 bma250.ko
-rw-r--r-- root     root       277217 2014-09-17 07:54 cam_detect.ko
-rw-r--r-- root     root       191205 2014-09-17 07:54 cci.ko
-rw-r--r-- root     root       171434 2014-09-17 07:54 cdc_eem.ko
-rw-r--r-- root     root       179503 2014-09-17 07:54 cdc_ether.ko
-rw-r--r-- root     root       157877 2014-09-17 07:54 cdc_subset.ko
-rw-r--r-- root     root      4887446 2014-09-17 07:54 disp.ko
-rw-r--r-- root     root       145374 2014-09-17 07:54 dw9714_act.ko
-rw-r--r-- root     root      1929049 2014-09-17 07:54 esp8089.ko
-rw-r--r-- root     root       482719 2014-09-17 07:54 ft5x_ts.ko
-rw-r--r-- root     root       368414 2014-09-17 07:54 ft5xold_ts.ko
-rw-r--r-- root     root       138623 2014-09-17 07:54 fxos8700.ko
-rw-r--r-- root     root       182057 2014-09-17 07:54 gc0307.ko
-rw-r--r-- root     root       179891 2014-09-17 07:54 gc0308.ko
-rw-r--r-- root     root       179492 2014-09-17 07:54 gc0309.ko
-rw-r--r-- root     root       179263 2014-09-17 07:54 gc0311.ko
-rw-r--r-- root     root       179474 2014-09-17 07:54 gc0328.ko
-rw-r--r-- root     root       175930 2014-09-17 07:54 gc0329.ko
-rw-r--r-- root     root       179471 2014-09-17 07:54 gc2035.ko
-rw-r--r-- root     root       183012 2014-09-17 07:54 gc2155.ko
-rw-r--r-- root     root       160850 2014-09-17 07:54 gc5004.ko
-rw-r--r-- root     root       161120 2014-09-17 07:54 gc5004_mipi.ko
-rw-r--r-- root     root       416112 2014-09-17 07:54 gslX680.ko
-rw-r--r-- root     root       273928 2014-09-17 07:54 gslX680new.ko
-rw-r--r-- root     root       180831 2014-09-17 07:54 gt2005.ko
-rw-r--r-- root     root       350496 2014-09-17 07:54 gt818_ts.ko
-rw-r--r-- root     root       142750 2014-09-17 07:54 gt82x.ko
-rw-r--r-- root     root       410538 2014-09-17 07:54 gt9xx_ts.ko
-rw-r--r-- root     root       465648 2014-09-17 07:54 gt9xxf_ts.ko
-rw-r--r-- root     root       182066 2014-09-17 07:54 hi253.ko
-rw-r--r-- root     root       156953 2014-09-17 07:54 hid-logitech-dj.ko
-rw-r--r-- root     root       247755 2014-09-17 07:54 icn83xx_ts.ko
-rw-r--r-- root     root       127310 2014-09-17 07:54 kxtik.ko
-rw-r--r-- root     root       165657 2014-09-17 07:54 l3gd20_gyr.ko
-rw-r--r-- root     root      1028823 2014-09-17 07:54 lcd.ko
-rw-r--r-- root     root        49091 2014-09-17 07:54 leds-sunxi.ko
-rw-r--r-- root     root       173015 2014-09-17 07:54 lis3de_acc.ko
-rw-r--r-- root     root       172100 2014-09-17 07:54 lis3dh_acc.ko
-rw-r--r-- root     root       183967 2014-09-17 07:54 lsm303d.ko
-rw-r--r-- root     root       144572 2014-09-17 07:54 ltr_501als.ko
-rw-r--r-- root     root      3303856 2014-09-17 07:54 mali.ko
-rw-r--r-- root     root       189255 2014-09-17 07:54 mcs7830.ko
-rw-r--r-- root     root       133651 2014-09-17 07:54 mma7660.ko
-rw-r--r-- root     root       131385 2014-09-17 07:54 mma8452.ko
-rw-r--r-- root     root       130006 2014-09-17 07:54 mma865x.ko
-rw-r--r-- root     root      1534668 2014-09-17 07:54 nand.ko
-rw-r--r-- root     root       164314 2014-09-17 07:54 ov12830.ko
-rw-r--r-- root     root       168713 2014-09-17 07:54 ov16825.ko
-rw-r--r-- root     root       180755 2014-09-17 07:54 ov2640.ko
-rw-r--r-- root     root       225014 2014-09-17 07:54 ov5640.ko
-rw-r--r-- root     root       163745 2014-09-17 07:54 ov5647.ko
-rw-r--r-- root     root       164298 2014-09-17 07:54 ov5647_mipi.ko
-rw-r--r-- root     root       163503 2014-09-17 07:54 ov5648.ko
-rw-r--r-- root     root       163575 2014-09-17 07:54 ov5650.ko
-rw-r--r-- root     root       184510 2014-09-17 07:54 ov7736.ko
-rw-r--r-- root     root       166460 2014-09-17 07:54 ov8825.ko
-rw-r--r-- root     root       144903 2014-09-17 07:54 ov8825_act.ko
-rw-r--r-- root     root       165652 2014-09-17 07:54 ov8850.ko
-rw-r--r-- root     root       165939 2014-09-17 07:54 ov8858.ko
-rw-r--r-- root     root       166339 2014-09-17 07:54 ov8858_4lane.ko
-rw-r--r-- root     root       193977 2014-09-17 07:54 qf9700.ko
-rw-r--r-- root     root       203498 2014-09-17 07:54 rtl8150.ko
-rw-r--r-- root     root       161655 2014-09-17 07:54 s5k4e1.ko
-rw-r--r-- root     root       162498 2014-09-17 07:54 s5k4e1_mipi.ko
-rw-r--r-- root     root       204773 2014-09-17 07:54 s5k4ec.ko
-rw-r--r-- root     root       204584 2014-09-17 07:54 s5k4ec_mipi.ko
-rw-r--r-- root     root        26962 2014-09-17 07:54 scsi_wait_scan.ko
-rw-r--r-- root     root       182038 2014-09-17 07:54 sp0718.ko
-rw-r--r-- root     root       179617 2014-09-17 07:54 sp0838.ko
-rw-r--r-- root     root       180685 2014-09-17 07:54 sp2518.ko
-rw-r--r-- root     root       179730 2014-09-17 07:54 sp2519.ko
-rw-r--r-- root     root       161290 2014-09-17 07:54 sp5408.ko
-rw-r--r-- root     root        90438 2014-09-17 07:54 sunxi-keyboard.ko
-rw-r--r-- root     root        59232 2014-09-17 07:54 sunxi-vibrator.ko
-rw-r--r-- root     root       150334 2014-09-17 07:54 sw-device.ko
-rw-r--r-- root     root       162307 2014-09-17 07:54 t8et5.ko
-rw-r--r-- root     root       132850 2014-09-17 07:54 tu_ts.ko
-rw-r--r-- root     root       264165 2014-09-17 07:54 usbnet.ko
-rw-r--r-- root     root        69577 2014-09-17 07:54 vfe_os.ko
-rw-r--r-- root     root       185834 2014-09-17 07:54 vfe_subdev.ko
-rw-r--r-- root     root       897132 2014-09-17 07:54 vfe_v4l2.ko
-rw-r--r-- root     root       154391 2014-09-17 07:54 videobuf-core.ko
-rw-r--r-- root     root       119009 2014-09-17 07:54 videobuf-dma-contig.ko
