8188eu 1037424 0 - Live 0x00000000
ft5xold_ts 61946 0 - Live 0x00000000
mma865x 5964 0 - Live 0x00000000
cdc_ether 5099 0 - Live 0x00000000
rtl8150 9023 0 - Live 0x00000000
mcs7830 6292 0 - Live 0x00000000
qf9700 7805 0 - Live 0x00000000
asix 17150 0 - Live 0x00000000
usbnet 17700 4 cdc_ether,mcs7830,qf9700,asix, Live 0x00000000
sunxi_keyboard 3021 0 - Live 0x00000000
sw_device 13620 0 - Live 0x00000000
vfe_v4l2 410364 0 - Live 0x00000000
gc0329 9102 0 - Live 0x00000000
vfe_subdev 4283 2 vfe_v4l2,gc0329, Live 0x00000000
vfe_os 4051 2 vfe_v4l2,vfe_subdev, Live 0x00000000
cci 17612 2 gc0329, Live 0x00000000
cam_detect 33055 0 - Live 0x00000000
videobuf_dma_contig 5535 1 vfe_v4l2, Live 0x00000000
videobuf_core 16520 2 vfe_v4l2,videobuf_dma_contig, Live 0x00000000
leds_sunxi 1351 0 - Live 0x00000000
mali 209954 20 - Live 0x00000000 (O)
lcd 47406 0 - Live 0x00000000
disp 993663 8 mali,lcd, Live 0x00000000
nand 277175 8 - Live 0x00000000 (O)
